11:23:15 **** Incremental Build of configuration Nios II for project pacemaker ****
make all 
Info: Building ../pacemaker_bsp/
D:/Intel/FPGA/18.10/nios2eds/bin/gnu/H-x86_64-mingw32/bin/make --no-print-directory -C ../pacemaker_bsp/
[BSP build complete]
Info: Compiling sccharts.c to obj/default/sccharts.o
nios2-elf-gcc -xc -MP -MMD -c -I../pacemaker_bsp//HAL/inc -I../pacemaker_bsp/ -I../pacemaker_bsp//drivers/inc  -pipe -D__hal__ -DALT_NO_INSTRUCTION_EMULATION -DALT_SINGLE_THREADED    -O0 -g -Wall   -mno-hw-div -mhw-mul -mno-hw-mulx -mgpopt=global  -o obj/default/sccharts.o sccharts.c
sccharts.c: In function 'logic':
sccharts.c:28:33: warning: suggest parentheses around '&&' within '||' [-Wparentheses]
   d->_cg9 = d->VS || d->_pre_VP && !d->VRP_ACTIVE;
                                 ^
sccharts.c:45:34: warning: suggest parentheses around '&&' within '||' [-Wparentheses]
   d->_cg19 = d->VS || d->_pre_VP && !d->VRP_ACTIVE;
                                  ^
sccharts.c:53:34: warning: suggest parentheses around '&&' within '||' [-Wparentheses]
   d->_cg15 = d->VS || d->_pre_VP && !d->VRP_ACTIVE;
                                  ^
sccharts.c:54:20: warning: suggest parentheses around '&&' within '||' [-Wparentheses]
   d->_g11 = d->_g9 && !d->_cg9 || d->_g15 && !d->_cg15;
                    ^
sccharts.c:63:20: warning: suggest parentheses around '&&' within '||' [-Wparentheses]
   d->_g15 = d->_g9 && d->_cg9 || d->_g12 && d->_cg12 || d->_g11 && d->_cg13 || d->_g15 && d->_cg15;
                    ^
sccharts.c:63:65: warning: suggest parentheses around '&&' within '||' [-Wparentheses]
   d->_g15 = d->_g9 && d->_cg9 || d->_g12 && d->_cg12 || d->_g11 && d->_cg13 || d->_g15 && d->_cg15;
                                                                 ^
sccharts.c:63:88: warning: suggest parentheses around '&&' within '||' [-Wparentheses]
   d->_g15 = d->_g9 && d->_cg9 || d->_g12 && d->_cg12 || d->_g11 && d->_cg13 || d->_g15 && d->_cg15;
                                                                                        ^
sccharts.c:65:21: warning: suggest parentheses around '&&' within '||' [-Wparentheses]
   d->_g22 = d->_g19 && d->_cg19 || d->_g22;
                     ^
sccharts.c:67:34: warning: suggest parentheses around '&&' within '||' [-Wparentheses]
   d->_cg23 = d->VS || d->_pre_VP && !d->VRP_ACTIVE;
                                  ^
sccharts.c:93:24: warning: suggest parentheses around '&&' within '||' [-Wparentheses]
   d->_g59 = d->_g20_e2 && !d->_cg57 || d->_g10 && !d->_cg63;
                        ^
sccharts.c:102:24: warning: suggest parentheses around '&&' within '||' [-Wparentheses]
   d->_g63 = d->_g20_e2 && d->_cg57 || d->_g60 && d->_cg60 || d->_g59 && d->_cg61 || d->_g10 && d->_cg63;
                        ^
sccharts.c:102:70: warning: suggest parentheses around '&&' within '||' [-Wparentheses]
   d->_g63 = d->_g20_e2 && d->_cg57 || d->_g60 && d->_cg60 || d->_g59 && d->_cg61 || d->_g10 && d->_cg63;
                                                                      ^
sccharts.c:102:93: warning: suggest parentheses around '&&' within '||' [-Wparentheses]
   d->_g63 = d->_g20_e2 && d->_cg57 || d->_g60 && d->_cg60 || d->_g59 && d->_cg61 || d->_g10 && d->_cg63;
                                                                                             ^
sccharts.c:104:21: warning: suggest parentheses around '&&' within '||' [-Wparentheses]
   d->_g67 = d->_g67 && d->_cg67 || d->_g70;
                     ^
sccharts.c:113:31: warning: suggest parentheses around '&&' within '||' [-Wparentheses]
   d->_g68 = d->_GO || d->_g19 && d->_cg23 || d->_g10_e1 || d->_g68_e2 && !d->_cg4;
                               ^
sccharts.c:113:71: warning: suggest parentheses around '&&' within '||' [-Wparentheses]
   d->_g68 = d->_GO || d->_g19 && d->_cg23 || d->_g10_e1 || d->_g68_e2 && !d->_cg4;
                                                                       ^
sccharts.c:125:21: warning: suggest parentheses around '&&' within '||' [-Wparentheses]
   d->_g24 = d->_g23 && !d->_cg7 || d->_g12 && !d->_cg12;
                     ^
sccharts.c:128:21: warning: suggest parentheses around '&&' within '||' [-Wparentheses]
   d->_g12 = d->_g11 && !d->_cg13 || d->_g4 && !d->_cg16;
                     ^
sccharts.c:129:31: warning: suggest parentheses around '&&' within '||' [-Wparentheses]
   d->_g7 = d->_g58 || d->_g21 && !d->_cg21;
                               ^
sccharts.c:171:23: warning: suggest parentheses around '&&' within '||' [-Wparentheses]
   d->_g155 = d->_g155 && d->_cg155 || d->_g157 && d->_cg157;
                       ^
sccharts.c:175:23: warning: suggest parentheses around '&&' within '||' [-Wparentheses]
   d->_g163 = d->_g161 && !d->_cg161 || d->_g167 && !d->_cg167;
                       ^
sccharts.c:184:23: warning: suggest parentheses around '&&' within '||' [-Wparentheses]
   d->_g167 = d->_g161 && d->_cg161 || d->_g164 && d->_cg164 || d->_g163 && d->_cg165 || d->_g167 && d->_cg167;
                       ^
sccharts.c:184:73: warning: suggest parentheses around '&&' within '||' [-Wparentheses]
   d->_g167 = d->_g161 && d->_cg161 || d->_g164 && d->_cg164 || d->_g163 && d->_cg165 || d->_g167 && d->_cg167;
                                                                         ^
sccharts.c:184:98: warning: suggest parentheses around '&&' within '||' [-Wparentheses]
   d->_g167 = d->_g161 && d->_cg161 || d->_g164 && d->_cg164 || d->_g163 && d->_cg165 || d->_g167 && d->_cg167;
                                                                                                  ^
sccharts.c:186:22: warning: suggest parentheses around '&&' within '||' [-Wparentheses]
   d->_g174 = d->_g21 && d->_cg171 || d->_g174;
                      ^
sccharts.c:193:26: warning: suggest parentheses around '&&' within '||' [-Wparentheses]
   d->_g156_e1 = d->_g171 && d->_cg175 || d->_g156;
                          ^
sccharts.c:196:26: warning: suggest parentheses around '&&' within '||' [-Wparentheses]
   d->_g172_e3 = d->_g180 && d->_cg180 || d->_g182 && d->_cg182;
                          ^
sccharts.c:200:38: warning: suggest parentheses around '&&' within '||' [-Wparentheses]
   d->_g175 = d->_g186 || d->_g162_e2 && d->_cg188;
                                      ^
sccharts.c:233:21: warning: suggest parentheses around '&&' within '||' [-Wparentheses]
   d->_g37 = d->_g43 && d->_cg37 || d->_g31 && d->_cg41;
                     ^
sccharts.c:234:33: warning: suggest parentheses around '&&' within '||' [-Wparentheses]
   d->_g41 = d->_g186 || d->_g13 && !d->_cg46;
                                 ^
sccharts.c:237:46: warning: suggest parentheses around '&&' within '||' [-Wparentheses]
   d->_g47_e3 = d->_GO || d->_g29 || d->_g185 && !d->_cg28;
                                              ^
sccharts.c:240:31: warning: suggest parentheses around '&&' within '||' [-Wparentheses]
   d->_g32 = d->_GO || d->_g70 && d->_cg71 || d->_g58_e1 || d->_g38 && !d->_cg52;
                               ^
sccharts.c:240:68: warning: suggest parentheses around '&&' within '||' [-Wparentheses]
   d->_g32 = d->_GO || d->_g70 && d->_cg71 || d->_g58_e1 || d->_g38 && !d->_cg52;
                                                                    ^
sccharts.c:252:24: warning: suggest parentheses around '&&' within '||' [-Wparentheses]
   d->_g47 = d->_g32_e1 && !d->_cg55 || d->_g60 && !d->_cg60;
                        ^
sccharts.c:255:21: warning: suggest parentheses around '&&' within '||' [-Wparentheses]
   d->_g28 = d->_g59 && !d->_cg61 || d->_g48 && !d->_cg64;
                     ^
sccharts.c:256:35: warning: suggest parentheses around '&&' within '||' [-Wparentheses]
   d->_g71 = d->_g38_e2 || d->_g69 && !d->_cg69;
                                   ^
sccharts.c:271:32: warning: suggest parentheses around '&&' within '||' [-Wparentheses]
   d->_g64 = d->_g52 || d->_g60 && !d->_cg95;
                                ^
sccharts.c:296:21: warning: suggest parentheses around '&&' within '||' [-Wparentheses]
   d->_g86 = d->_g85 && d->_cg86 || d->_g89 && d->_cg90;
                     ^
sccharts.c:308:45: warning: suggest parentheses around '&&' within '||' [-Wparentheses]
   d->_g77 = d->_GO || d->_g87_e2 || d->_g72 && !d->_cg76;
                                             ^
sccharts.c:328:23: warning: suggest parentheses around '&&' within '||' [-Wparentheses]
   d->_g112 = d->_g112 && d->_cg112 || d->_g114 && d->_cg114;
                       ^
sccharts.c:332:26: warning: suggest parentheses around '&&' within '||' [-Wparentheses]
   d->_g120 = d->_g100_e2 && !d->_cg118 || d->_g99 && !d->_cg124;
                          ^
sccharts.c:341:26: warning: suggest parentheses around '&&' within '||' [-Wparentheses]
   d->_g124 = d->_g100_e2 && d->_cg118 || d->_g121 && d->_cg121 || d->_g120 && d->_cg122 || d->_g99 && d->_cg124;
                          ^
sccharts.c:341:76: warning: suggest parentheses around '&&' within '||' [-Wparentheses]
   d->_g124 = d->_g100_e2 && d->_cg118 || d->_g121 && d->_cg121 || d->_g120 && d->_cg122 || d->_g99 && d->_cg124;
                                                                            ^
sccharts.c:341:100: warning: suggest parentheses around '&&' within '||' [-Wparentheses]
   d->_g124 = d->_g100_e2 && d->_cg118 || d->_g121 && d->_cg121 || d->_g120 && d->_cg122 || d->_g99 && d->_cg124;
                                                                                                    ^
sccharts.c:343:23: warning: suggest parentheses around '&&' within '||' [-Wparentheses]
   d->_g131 = d->_g102 && d->_cg128 || d->_g131;
                       ^
sccharts.c:350:23: warning: suggest parentheses around '&&' within '||' [-Wparentheses]
   d->_g129 = d->_g128 && d->_cg132 || d->_g113;
                       ^
sccharts.c:353:25: warning: suggest parentheses around '&&' within '||' [-Wparentheses]
   d->_g119 = d->_g97_e1 && d->_cg137 || d->_g103 && d->_cg139;
                         ^
sccharts.c:357:38: warning: suggest parentheses around '&&' within '||' [-Wparentheses]
   d->_g134 = d->_g143 || d->_g119_e2 && d->_cg145;
                                      ^
sccharts.c:362:33: warning: suggest parentheses around '&&' within '||' [-Wparentheses]
   d->_g142 = d->_GO || d->_g132 && !d->_cg146 || d->_g137 && !d->_cg107;
                                 ^
sccharts.c:362:59: warning: suggest parentheses around '&&' within '||' [-Wparentheses]
   d->_g142 = d->_GO || d->_g132 && !d->_cg146 || d->_g137 && !d->_cg107;
                                                           ^
sccharts.c:363:23: warning: suggest parentheses around '&&' within '||' [-Wparentheses]
   d->_g143 = d->_g137 && d->_cg107 || d->_g132 && d->_cg146;
                       ^
sccharts.c:371:26: warning: suggest parentheses around '&&' within '||' [-Wparentheses]
   d->_g144_e3 = d->_g143 && !d->_cg110 || d->_g114 && !d->_cg114;
                          ^
sccharts.c:378:23: warning: suggest parentheses around '&&' within '||' [-Wparentheses]
   d->_g144 = d->_g133 && !d->_cg116 || d->_g121 && !d->_cg121;
                       ^
sccharts.c:381:26: warning: suggest parentheses around '&&' within '||' [-Wparentheses]
   d->_g133_e1 = d->_g120 && !d->_cg122 || d->_g138 && !d->_cg125;
                          ^
sccharts.c:382:37: warning: suggest parentheses around '&&' within '||' [-Wparentheses]
   d->_g138_e2 = d->_g143 || d->_g76 && !d->_cg130;
                                     ^
sccharts.c:384:23: warning: suggest parentheses around '&&' within '||' [-Wparentheses]
   d->_g146 = d->_g143 && !d->_cg135 || d->_g103 && !d->_cg139;
                       ^
sccharts.c:385:38: warning: suggest parentheses around '&&' within '||' [-Wparentheses]
   d->_g107 = d->_g143 || d->_g119_e2 && !d->_cg145;
                                      ^
sccharts.c:388:33: warning: suggest parentheses around '&&' within '||' [-Wparentheses]
   d->_g116 = d->_GO || d->_g114 && !d->_cg150;
                                 ^
sccharts.c:389:23: warning: suggest parentheses around '&&' within '||' [-Wparentheses]
   d->_g121 = d->_g114 && d->_cg150 || d->_g177 && d->_cg189 || d->_g180;
                       ^
sccharts.c:397:23: warning: suggest parentheses around '&&' within '||' [-Wparentheses]
   d->_g125 = d->_g121 && !d->_cg153 || d->_g157 && !d->_cg157;
                       ^
sccharts.c:404:23: warning: suggest parentheses around '&&' within '||' [-Wparentheses]
   d->_g130 = d->_g122 && !d->_cg159 || d->_g164 && !d->_cg164;
                       ^
sccharts.c:407:23: warning: suggest parentheses around '&&' within '||' [-Wparentheses]
   d->_g145 = d->_g163 && !d->_cg165 || d->_g139 && !d->_cg168;
                       ^
sccharts.c:408:35: warning: suggest parentheses around '&&' within '||' [-Wparentheses]
   d->_g108 = d->_g121 || d->_g173 && !d->_cg173;
                                   ^
sccharts.c:410:23: warning: suggest parentheses around '&&' within '||' [-Wparentheses]
   d->_g189 = d->_g121 && !d->_cg178 || d->_g182 && !d->_cg182;
                       ^
sccharts.c:411:38: warning: suggest parentheses around '&&' within '||' [-Wparentheses]
   d->_g190 = d->_g121 || d->_g162_e2 && !d->_cg188;
                                      ^
Info: Linking pacemaker.elf
nios2-elf-g++  -T'../pacemaker_bsp//linker.x' -msys-crt0='../pacemaker_bsp//obj/HAL/src/crt0.o' -msys-lib=hal_bsp -L../pacemaker_bsp/   -Wl,-Map=pacemaker.map   -O0 -g -Wall   -mno-hw-div -mhw-mul -mno-hw-mulx -mgpopt=global  -o pacemaker.elf obj/default/pacemaker.o obj/default/sccharts.o -lm -msys-lib=m
nios2-elf-insert pacemaker.elf --thread_model hal --cpu_name cpu --qsys true --simulation_enabled false --stderr_dev jtag_uart --stdin_dev jtag_uart --stdout_dev jtag_uart --sopc_system_name nios2_system --quartus_project_dir "C:/Users/juane/Desktop/University/303Lab1/1" --jdi ../..//output_files/Lab1.jdi --sopcinfo C:/Users/juane/Desktop/University/303Lab1/1/software/pacemaker_bsp/../../nios2_system.sopcinfo
Info: (pacemaker.elf) 64 KBytes program size (code + initialized data).
Info:                 8120 KBytes free for stack + heap.
Info: Creating pacemaker.objdump
nios2-elf-objdump --disassemble --syms --all-header --source pacemaker.elf >pacemaker.objdump
[pacemaker build complete]
